<?xml version="1.0" encoding="UTF-8"?>
<!-- Generated by org.testng.reporters.JUnitXMLReporter -->
<testsuite ignored="0" hostname="DESKTOP-UQJIA5A" failures="0" tests="3" name="Test_2" time="72.233" errors="0" timestamp="2025-03-03T16:08:12 IST">
  <testcase classname="organization.Working_with_Org_TC_baseclassTest" name="organization_01" time="15.751"/>
  <testcase classname="organization.Working_with_Org_TC_baseclassTest" name="organization_02" time="16.681"/>
  <testcase classname="organization.Working_with_Org_TC_baseclassTest" name="organization_03" time="13.291"/>
</testsuite> <!-- Test_2 -->
