<?xml version="1.0" encoding="UTF-8"?>
<!-- Generated by org.testng.reporters.JUnitXMLReporter -->
<testsuite ignored="0" hostname="DESKTOP-UQJIA5A" failures="0" tests="3" name="Test_with_edge" time="68.457" errors="0" timestamp="2025-03-04T17:42:27 IST">
  <testcase classname="organization.Working_with_Org_TC_baseclassTest" name="organization_01" time="11.02"/>
  <testcase classname="organization.Working_with_Org_TC_baseclassTest" name="organization_02" time="14.834"/>
  <testcase classname="organization.Working_with_Org_TC_baseclassTest" name="organization_03" time="12.812"/>
</testsuite> <!-- Test_with_edge -->
