<?xml version="1.0" encoding="UTF-8"?>
<!-- Generated by org.testng.reporters.JUnitXMLReporter -->
<testsuite ignored="0" hostname="DESKTOP-UQJIA5A" failures="0" tests="3" name="Test_1" time="90.633" errors="0" timestamp="2025-03-03T16:08:31 IST">
  <testcase classname="contacts.Working_with_Cnt_TC_baseclassTest" name="Contacts_06" time="33.23"/>
  <testcase classname="contacts.Working_with_Cnt_TC_baseclassTest" name="contacs_02" time="14.425"/>
  <testcase classname="contacts.Working_with_Cnt_TC_baseclassTest" name="contacts_01" time="17.228"/>
</testsuite> <!-- Test_1 -->
