<?xml version="1.0" encoding="UTF-8"?>
<!-- Generated by org.testng.reporters.JUnitXMLReporter -->
<testsuite ignored="0" hostname="DESKTOP-UQJIA5A" failures="0" tests="3" name="Test_with_chrome" time="71.037" errors="0" timestamp="2025-03-04T17:42:30 IST">
  <testcase classname="contacts.Working_with_Cnt_TC_baseclassTest" name="Contacts_06" time="25.316"/>
  <testcase classname="contacts.Working_with_Cnt_TC_baseclassTest" name="contacs_02" time="12.92"/>
  <testcase classname="contacts.Working_with_Cnt_TC_baseclassTest" name="contacts_01" time="9.611"/>
</testsuite> <!-- Test_with_chrome -->
